
> @tw-classed/core@1.0.0.alpha-1 test /Users/sannajammeh/code/personal/tw-classed/packages/core
> vitest run


 RUN  v0.17.1 /Users/sannajammeh/code/personal/tw-classed/packages/core

 â¯ test/parser.spec.ts  (2 tests | 2 failed) 6ms
   â¯ test/parser.spec.ts > Classed Parser > Should parse a single empty className
     â†’ expected { className: '', variants: {}, â€¦(1) } to be '' // Object.is equality
   â¯ test/parser.spec.ts > Classed Parser > Should parse a single className
     â†’ expected { className: 'test test 2', â€¦(2) } to be 'test test 2' // Object.is equality
stdout | test/core.spec.ts > Should work
{ res1: [32m'bg-blue bg-red'[39m, res2: [32m'text-xl bg-red'[39m }

 âœ“ test/core.spec.ts  (1 test) 3ms

â¯â¯â¯â¯â¯â¯â¯ Failed Tests 2 â¯â¯â¯â¯â¯â¯â¯

 FAIL  test/parser.spec.ts > Classed Parser > Should parse a single empty className
 â¯ test/parser.spec.ts:8:19
AssertionError: expected { className: '', variants: {}, â€¦(1) } to be '' // Object.is equality
      6|     const result = parseClassNames([]);
      7| 
      8|     expect(result).toBe("");
       |                   ^
      9|   });
     10| 

  - Expected  - 1
  + Received  + 5
  
  - "
  + "Object {
  +   "className": "",
  +   "defaultVariants": Object {},
  +   "variants": Object {},
  + }

â¯â¯â¯â¯â¯â¯â¯â¯â¯â¯â¯â¯â¯â¯â¯â¯â¯â¯â¯â¯â¯â¯â¯â¯[1/2]â¯

 FAIL  test/parser.spec.ts > Classed Parser > Should parse a single className
AssertionError: expected { className: 'test test 2', â€¦(2) } to be 'test test 2' // Object.is equality
 â¯ test/parser.spec.ts:14:19
     12|     const result = parseClassNames(["test", "test 2"]);
     13| 
     14|     expect(result).toBe("test test 2");
       |                   ^
     15|   });
     16| });

  - Expected  - 1
  + Received  + 5
  
  - test test 2"
  + "Object {
  +   "className": "test test 2",
  +   "defaultVariants": Object {},
  +   "variants": Object {},
  + }

Test Files  1 failed | 1 passed (2)
     Tests  2 failed | 1 passed (3)
      Time  665ms (in thread 9ms, 7388.37%)

â¯â¯â¯â¯â¯â¯â¯â¯â¯â¯â¯â¯â¯â¯â¯â¯â¯â¯â¯â¯â¯â¯â¯â¯[2/2]â¯

â€‰ELIFECYCLEâ€‰ Test failed. See above for more details.
